2025-04-20 21:11:41,954 - errors - ERROR - Invalid file format in database component - Code: 528
2025-04-20 21:11:41,964 - errors - ERROR - Storage quota exceeded in storage component - Code: 469
2025-04-20 21:11:41,975 - errors - ERROR - Authentication server timeout in storage component - Code: 474
2025-04-20 21:11:41,986 - errors - ERROR - API rate limit exceeded in cache component - Code: 508
2025-04-20 21:11:41,997 - errors - ERROR - Storage quota exceeded in storage component - Code: 531
2025-04-20 21:11:42,007 - errors - ERROR - Payment processing error in storage component - Code: 494
2025-04-20 21:11:42,018 - errors - ERROR - Payment processing error in storage component - Code: 595
2025-04-20 21:11:42,028 - errors - ERROR - Third-party service unavailable in auth component - Code: 403
2025-04-20 21:11:42,039 - errors - ERROR - Third-party service unavailable in api component - Code: 486
2025-04-20 21:11:42,049 - errors - ERROR - Storage quota exceeded in cache component - Code: 572
2025-04-20 21:11:42,060 - errors - ERROR - Storage quota exceeded in media component - Code: 411
2025-04-20 21:11:42,070 - errors - ERROR - API rate limit exceeded in api component - Code: 513
2025-04-20 21:11:42,081 - errors - ERROR - API rate limit exceeded in database component - Code: 462
2025-04-20 21:11:42,091 - errors - ERROR - Third-party service unavailable in media component - Code: 567
2025-04-20 21:11:42,102 - errors - ERROR - Media conversion failed in storage component - Code: 541
2025-04-20 21:11:42,113 - errors - ERROR - Media conversion failed in media component - Code: 434
2025-04-20 21:11:42,123 - errors - ERROR - Payment processing error in media component - Code: 584
2025-04-20 21:11:42,134 - errors - ERROR - Third-party service unavailable in cache component - Code: 409
2025-04-20 21:11:42,145 - errors - ERROR - Payment processing error in api component - Code: 541
2025-04-20 21:11:42,155 - errors - ERROR - Media conversion failed in storage component - Code: 457
2025-04-20 21:11:42,166 - errors - ERROR - Invalid file format in cache component - Code: 526
2025-04-20 21:11:42,176 - errors - ERROR - Storage quota exceeded in payment component - Code: 449
2025-04-20 21:11:42,187 - errors - ERROR - Invalid file format in media component - Code: 408
2025-04-20 21:11:42,197 - errors - ERROR - Storage quota exceeded in media component - Code: 579
2025-04-20 21:11:42,208 - errors - ERROR - Authentication server timeout in payment component - Code: 555
2025-04-20 21:11:42,219 - errors - ERROR - Database connection failed in database component - Code: 542
2025-04-20 21:11:42,229 - errors - ERROR - Authentication server timeout in api component - Code: 411
2025-04-20 21:11:42,240 - errors - ERROR - Authentication server timeout in payment component - Code: 466
2025-04-20 21:11:42,250 - errors - ERROR - Media conversion failed in api component - Code: 572
2025-04-20 21:11:42,261 - errors - ERROR - Authentication server timeout in api component - Code: 448
