2025-04-20 13:34:17,790 - playlist_model - INFO - Connected to database for playlists collection
2025-04-20 13:34:19,878 - playlist_model - INFO - Connected to database for playlists collection
2025-04-20 13:36:31,811 - playlist_model - INFO - Connected to database for playlists collection
2025-04-20 13:36:47,893 - playlist_model - INFO - Connected to database for playlists collection
2025-04-20 13:38:50,349 - playlist_model - INFO - Connected to database for playlists collection
2025-04-20 13:38:52,387 - playlist_model - INFO - Connected to database for playlists collection
2025-04-20 13:46:58,860 - playlist_model - INFO - Connected to database for playlists collection
2025-04-20 13:47:03,803 - playlist_model - INFO - Connected to database for playlists collection
2025-04-20 13:47:19,692 - playlist_model - INFO - Connected to database for playlists collection
2025-04-20 13:47:24,613 - playlist_model - INFO - Connected to database for playlists collection
2025-04-20 13:47:39,718 - playlist_model - INFO - Connected to database for playlists collection
2025-04-20 13:47:41,282 - playlist_model - INFO - Connected to database for playlists collection
2025-04-20 13:49:36,898 - playlist_model - INFO - Connected to database for playlists collection
2025-04-20 13:49:37,765 - playlist_model - INFO - Connected to database for playlists collection
2025-04-20 13:49:43,489 - playlist_model - INFO - Connected to database for playlists collection
2025-04-20 13:49:44,161 - playlist_model - INFO - Connected to database for playlists collection
2025-04-20 13:49:58,425 - playlist_model - INFO - Connected to database for playlists collection
2025-04-20 13:50:04,459 - playlist_model - INFO - Connected to database for playlists collection
2025-04-20 13:50:27,458 - playlist_model - INFO - Connected to database for playlists collection
2025-04-20 13:50:28,947 - playlist_model - INFO - Connected to database for playlists collection
2025-04-20 13:51:18,106 - playlist_model - INFO - Connected to database for playlists collection
2025-04-20 13:51:18,691 - playlist_model - INFO - Connected to database for playlists collection
2025-04-20 13:52:27,821 - playlist_model - INFO - Connected to database for playlists collection
2025-04-20 13:52:30,919 - playlist_model - INFO - Connected to database for playlists collection
2025-04-20 13:54:49,241 - playlist_model - INFO - Connected to database for playlists collection
2025-04-20 13:54:49,504 - playlist_model - INFO - Connected to database for playlists collection
2025-04-20 13:54:51,057 - playlist_model - INFO - Connected to database for playlists collection
2025-04-20 13:55:23,039 - playlist_model - INFO - Connected to database for playlists collection
2025-04-20 13:55:23,175 - playlist_model - INFO - Connected to database for playlists collection
2025-04-20 13:55:25,010 - playlist_model - INFO - Connected to database for playlists collection
2025-04-20 13:56:19,393 - playlist_model - INFO - Connected to database for playlists collection
2025-04-20 13:56:19,445 - playlist_model - INFO - Connected to database for playlists collection
2025-04-20 13:56:20,305 - playlist_model - INFO - Connected to database for playlists collection
2025-04-20 13:56:23,896 - playlist_model - INFO - Connected to database for playlists collection
2025-04-20 13:56:23,901 - playlist_model - INFO - Connected to database for playlists collection
2025-04-20 13:57:54,678 - playlist_model - INFO - Connected to database for playlists collection
2025-04-20 13:57:55,811 - playlist_model - INFO - Connected to database for playlists collection
2025-04-20 13:57:56,240 - playlist_model - INFO - Connected to database for playlists collection
2025-04-20 13:59:18,673 - playlist_model - INFO - Connected to database for playlists collection
2025-04-20 13:59:18,782 - playlist_model - INFO - Connected to database for playlists collection
2025-04-20 13:59:19,812 - playlist_model - INFO - Connected to database for playlists collection
2025-04-20 13:59:45,756 - playlist_model - INFO - Connected to database for playlists collection
2025-04-20 13:59:47,300 - playlist_model - INFO - Connected to database for playlists collection
2025-04-20 13:59:47,783 - playlist_model - INFO - Connected to database for playlists collection
2025-04-20 14:00:49,519 - playlist_model - INFO - Connected to database for playlists collection
2025-04-20 14:00:50,583 - playlist_model - INFO - Connected to database for playlists collection
2025-04-20 14:00:51,675 - playlist_model - INFO - Connected to database for playlists collection
2025-04-20 14:01:26,715 - playlist_model - INFO - Connected to database for playlists collection
2025-04-20 14:01:27,890 - playlist_model - INFO - Connected to database for playlists collection
2025-04-20 14:02:22,284 - playlist_model - INFO - Connected to database for playlists collection
2025-04-20 14:02:24,559 - playlist_model - INFO - Connected to database for playlists collection
2025-04-20 14:04:33,713 - playlist_model - INFO - Connected to database for playlists collection
2025-04-20 14:04:33,781 - playlist_model - INFO - Connected to database for playlists collection
2025-04-20 14:05:17,702 - playlist_model - INFO - Connected to database for playlists collection
2025-04-20 14:05:20,443 - playlist_model - INFO - Connected to database for playlists collection
2025-04-20 14:06:23,983 - playlist_model - INFO - Connected to database for playlists collection
2025-04-20 14:06:24,022 - playlist_model - INFO - Connected to database for playlists collection
2025-04-20 14:08:42,890 - playlist_model - INFO - Connected to database for playlists collection
2025-04-20 14:08:46,149 - playlist_model - INFO - Connected to database for playlists collection
2025-04-20 14:23:14,290 - playlist_model - INFO - Connected to database for playlists collection
2025-04-20 14:23:18,177 - playlist_model - INFO - Connected to database for playlists collection
2025-04-20 14:23:40,885 - playlist_model - INFO - Connected to database for playlists collection
2025-04-20 14:23:42,834 - playlist_model - INFO - Connected to database for playlists collection
2025-04-20 14:24:03,905 - playlist_model - INFO - Connected to database for playlists collection
2025-04-20 14:24:05,874 - playlist_model - INFO - Connected to database for playlists collection
2025-04-20 14:24:24,864 - playlist_model - INFO - Connected to database for playlists collection
2025-04-20 14:24:26,810 - playlist_model - INFO - Connected to database for playlists collection
2025-04-20 14:26:48,181 - playlist_model - INFO - Connected to database for playlists collection
2025-04-20 14:26:51,168 - playlist_model - INFO - Connected to database for playlists collection
2025-04-20 14:30:19,421 - playlist_model - INFO - Connected to database for playlists collection
2025-04-20 14:30:21,585 - playlist_model - INFO - Connected to database for playlists collection
2025-04-20 14:37:11,166 - playlist_model - INFO - Connected to database for playlists collection
2025-04-20 14:37:13,071 - playlist_model - INFO - Connected to database for playlists collection
2025-04-20 14:38:52,351 - playlist_model - INFO - Connected to database for playlists collection
2025-04-20 14:38:56,360 - playlist_model - INFO - Connected to database for playlists collection
2025-04-20 14:40:20,272 - playlist_model - INFO - Connected to database for playlists collection
2025-04-20 14:41:11,975 - playlist_model - INFO - Connected to database for playlists collection
2025-04-20 14:41:15,675 - playlist_model - INFO - Connected to database for playlists collection
2025-04-20 14:44:18,949 - playlist_model - INFO - Connected to database for playlists collection
2025-04-20 14:44:20,898 - playlist_model - INFO - Connected to database for playlists collection
2025-04-20 14:44:58,837 - playlist_model - INFO - Connected to database for playlists collection
2025-04-20 14:44:58,882 - playlist_model - INFO - Connected to database for playlists collection
2025-04-20 14:45:02,876 - playlist_model - INFO - Connected to database for playlists collection
2025-04-20 14:45:02,925 - playlist_model - INFO - Connected to database for playlists collection
2025-04-20 14:54:02,949 - playlist_model - INFO - Connected to database for playlists collection
2025-04-20 14:54:02,964 - playlist_model - INFO - Connected to database for playlists collection
2025-04-20 14:55:27,732 - playlist_model - INFO - Connected to database for playlists collection
2025-04-20 14:55:28,746 - playlist_model - INFO - Connected to database for playlists collection
2025-04-20 14:55:42,038 - playlist_model - INFO - Connected to database for playlists collection
2025-04-20 14:55:42,106 - playlist_model - INFO - Connected to database for playlists collection
2025-04-20 14:55:58,198 - playlist_model - INFO - Connected to database for playlists collection
2025-04-20 14:56:00,123 - playlist_model - INFO - Connected to database for playlists collection
2025-04-20 15:01:55,947 - playlist_model - INFO - Connected to database for playlists collection
2025-04-20 15:01:55,992 - playlist_model - INFO - Connected to database for playlists collection
2025-04-20 15:09:34,260 - playlist_model - INFO - Connected to database for playlists collection
2025-04-20 15:09:34,686 - playlist_model - INFO - Connected to database for playlists collection
2025-04-20 15:11:10,965 - playlist_model - INFO - Connected to database for playlists collection
2025-04-20 15:11:11,081 - playlist_model - INFO - Connected to database for playlists collection
2025-04-20 15:11:19,189 - playlist_model - INFO - Connected to database for playlists collection
2025-04-20 15:11:19,443 - playlist_model - INFO - Connected to database for playlists collection
2025-04-20 15:14:10,734 - playlist_model - INFO - Connected to database for playlists collection
2025-04-20 15:14:10,800 - playlist_model - INFO - Connected to database for playlists collection
2025-04-20 15:29:44,383 - playlist_model - INFO - Connected to database for playlists collection
2025-04-20 15:29:44,543 - playlist_model - INFO - Connected to database for playlists collection
2025-04-20 15:29:51,731 - playlist_model - INFO - Connected to database for playlists collection
2025-04-20 15:29:52,235 - playlist_model - INFO - Connected to database for playlists collection
2025-04-20 15:31:43,443 - playlist_model - INFO - Connected to database for playlists collection
2025-04-20 15:31:43,474 - playlist_model - INFO - Connected to database for playlists collection
2025-04-20 15:38:34,450 - playlist_model - INFO - Connected to database for playlists collection
2025-04-20 15:38:36,523 - playlist_model - INFO - Connected to database for playlists collection
2025-04-20 15:41:21,830 - playlist_model - INFO - Connected to database for playlists collection
2025-04-20 15:41:23,874 - playlist_model - INFO - Connected to database for playlists collection
2025-04-20 15:44:39,456 - playlist_model - INFO - Connected to database for playlists collection
2025-04-20 15:44:41,722 - playlist_model - INFO - Connected to database for playlists collection
2025-04-20 15:45:23,017 - playlist_model - INFO - Connected to database for playlists collection
2025-04-20 15:45:24,841 - playlist_model - INFO - Connected to database for playlists collection
2025-04-20 15:49:33,147 - playlist_model - INFO - Connected to database for playlists collection
2025-04-20 15:49:35,304 - playlist_model - INFO - Connected to database for playlists collection
2025-04-20 16:04:03,700 - playlist_model - INFO - Connected to database for playlists collection
2025-04-20 16:04:05,736 - playlist_model - INFO - Connected to database for playlists collection
2025-04-20 16:23:09,084 - playlist_model - INFO - Connected to database for playlists collection
2025-04-20 16:23:11,000 - playlist_model - INFO - Connected to database for playlists collection
2025-04-20 16:47:12,955 - playlist_model - INFO - Connected to database for playlists collection
2025-04-20 16:47:53,319 - playlist_model - INFO - Connected to database for playlists collection
2025-04-20 16:48:00,288 - playlist_model - INFO - Connected to database for playlists collection
2025-04-20 16:48:15,770 - playlist_model - INFO - Connected to database for playlists collection
2025-04-20 16:54:58,679 - playlist_model - INFO - Connected to database for playlists collection
2025-04-20 16:55:02,738 - playlist_model - INFO - Connected to database for playlists collection
2025-04-20 21:11:40,367 - playlist_ops - INFO - User 916663 - Shared playlist 817028
2025-04-20 21:11:40,378 - playlist_ops - INFO - User 245763 - Removed song from playlist 846064 to playlist 939401
2025-04-20 21:11:40,389 - playlist_ops - INFO - User 729068 - Renamed playlist 897770
2025-04-20 21:11:40,399 - playlist_ops - INFO - User 916663 - Changed playlist visibility 825607
2025-04-20 21:11:40,410 - playlist_ops - INFO - User 926515 - Shared playlist 782696
2025-04-20 21:11:40,421 - playlist_ops - INFO - User 776827 - Removed song from playlist 289760 to playlist 825607
2025-04-20 21:11:40,431 - playlist_ops - INFO - User 877012 - Renamed playlist 897770
2025-04-20 21:11:40,442 - playlist_ops - INFO - User 230920 - Deleted playlist 653518
2025-04-20 21:11:40,453 - playlist_ops - INFO - User 926515 - Renamed playlist 782696
2025-04-20 21:11:40,463 - playlist_ops - INFO - User 916663 - Added song to playlist 443034 to playlist 927198
2025-04-20 21:11:40,474 - playlist_ops - INFO - User 926515 - Deleted playlist 927198
2025-04-20 21:11:40,484 - playlist_ops - INFO - User 282008 - Deleted playlist 299384
2025-04-20 21:11:40,495 - playlist_ops - INFO - User 617830 - Changed playlist visibility 654068
2025-04-20 21:11:40,505 - playlist_ops - INFO - User 675825 - Added song to playlist 136161 to playlist 897770
2025-04-20 21:11:40,516 - playlist_ops - INFO - User 230920 - Added song to playlist 977548 to playlist 566611
2025-04-20 21:11:40,526 - playlist_ops - INFO - User 916663 - Changed playlist visibility 939401
2025-04-20 21:11:40,537 - playlist_ops - INFO - User 776827 - Removed song from playlist 801558 to playlist 897770
2025-04-20 21:11:40,547 - playlist_ops - INFO - User 729068 - Added song to playlist 180374 to playlist 183810
2025-04-20 21:11:40,558 - playlist_ops - INFO - User 729068 - Deleted playlist 653518
2025-04-20 21:11:40,568 - playlist_ops - INFO - User 776827 - Created new playlist 939401
2025-04-20 21:11:40,578 - playlist_ops - INFO - User 245763 - Created new playlist 654068
2025-04-20 21:11:40,589 - playlist_ops - INFO - User 675825 - Created new playlist 754476
2025-04-20 21:11:40,600 - playlist_ops - INFO - User 729068 - Renamed playlist 897770
2025-04-20 21:11:40,610 - playlist_ops - INFO - User 617830 - Changed playlist visibility 654068
2025-04-20 21:11:40,620 - playlist_ops - INFO - User 916663 - Added song to playlist 274988 to playlist 754476
2025-04-20 21:11:40,631 - playlist_ops - INFO - User 916663 - Removed song from playlist 289760 to playlist 724951
2025-04-20 21:11:40,641 - playlist_ops - INFO - User 926515 - Shared playlist 183810
2025-04-20 21:11:40,652 - playlist_ops - INFO - User 675825 - Added song to playlist 103930 to playlist 724951
2025-04-20 21:11:40,662 - playlist_ops - INFO - User 245763 - Renamed playlist 927198
2025-04-20 21:11:40,673 - playlist_ops - INFO - User 282008 - Created new playlist 754476
2025-04-20 21:11:40,684 - playlist_ops - INFO - User 877012 - Deleted playlist 825607
2025-04-20 21:11:40,694 - playlist_ops - INFO - User 729068 - Shared playlist 782696
2025-04-20 21:11:40,705 - playlist_ops - INFO - User 916663 - Shared playlist 299384
2025-04-20 21:11:40,715 - playlist_ops - INFO - User 282008 - Added song to playlist 180374 to playlist 927198
2025-04-20 21:11:40,727 - playlist_ops - INFO - User 926515 - Renamed playlist 782696
2025-04-20 21:11:40,737 - playlist_ops - INFO - User 617830 - Deleted playlist 897770
2025-04-20 21:11:40,748 - playlist_ops - INFO - User 916663 - Added song to playlist 180374 to playlist 817028
2025-04-20 21:11:40,758 - playlist_ops - INFO - User 776827 - Changed playlist visibility 183810
2025-04-20 21:11:40,769 - playlist_ops - INFO - User 877012 - Created new playlist 927198
2025-04-20 21:11:40,779 - playlist_ops - INFO - User 617830 - Changed playlist visibility 817028
2025-04-20 21:11:40,790 - playlist_ops - INFO - User 926515 - Changed playlist visibility 724951
2025-04-20 21:11:40,801 - playlist_ops - INFO - User 729068 - Renamed playlist 183810
2025-04-20 21:11:40,811 - playlist_ops - INFO - User 675825 - Changed playlist visibility 566611
2025-04-20 21:11:40,822 - playlist_ops - INFO - User 916663 - Shared playlist 754476
2025-04-20 21:11:40,833 - playlist_ops - INFO - User 675825 - Shared playlist 299384
2025-04-20 21:11:40,843 - playlist_ops - INFO - User 282008 - Shared playlist 351500
2025-04-20 21:11:40,854 - playlist_ops - INFO - User 729068 - Removed song from playlist 801558 to playlist 897770
2025-04-20 21:11:40,864 - playlist_ops - INFO - User 916663 - Created new playlist 808327
2025-04-20 21:11:40,875 - playlist_ops - INFO - User 282008 - Changed playlist visibility 825607
2025-04-20 21:11:40,885 - playlist_ops - INFO - User 729068 - Renamed playlist 754476
2025-04-20 21:11:40,896 - playlist_ops - INFO - User 617830 - Added song to playlist 898506 to playlist 817028
2025-04-20 21:11:40,906 - playlist_ops - INFO - User 245763 - Shared playlist 653518
2025-04-20 21:11:40,917 - playlist_ops - INFO - User 675825 - Created new playlist 927198
2025-04-20 21:11:40,928 - playlist_ops - INFO - User 617830 - Shared playlist 654068
2025-04-20 21:11:40,938 - playlist_ops - INFO - User 916663 - Changed playlist visibility 927198
2025-04-20 21:11:40,949 - playlist_ops - INFO - User 617830 - Removed song from playlist 977548 to playlist 817028
2025-04-20 21:11:40,959 - playlist_ops - INFO - User 245763 - Changed playlist visibility 782696
2025-04-20 21:11:40,970 - playlist_ops - INFO - User 729068 - Changed playlist visibility 299384
2025-04-20 21:11:40,980 - playlist_ops - INFO - User 926515 - Added song to playlist 942359 to playlist 825607
2025-04-20 21:11:40,991 - playlist_ops - INFO - User 617830 - Removed song from playlist 804620 to playlist 351500
2025-04-20 21:11:41,002 - playlist_ops - INFO - User 729068 - Renamed playlist 897770
2025-04-20 21:11:41,013 - playlist_ops - INFO - User 729068 - Shared playlist 939401
2025-04-20 21:11:41,023 - playlist_ops - INFO - User 776827 - Renamed playlist 299384
2025-04-20 21:11:41,034 - playlist_ops - INFO - User 617830 - Changed playlist visibility 654068
2025-04-20 21:11:41,044 - playlist_ops - INFO - User 617830 - Shared playlist 782696
2025-04-20 21:11:41,055 - playlist_ops - INFO - User 916663 - Added song to playlist 801558 to playlist 808327
2025-04-20 21:11:41,066 - playlist_ops - INFO - User 245763 - Changed playlist visibility 808327
2025-04-20 21:11:41,077 - playlist_ops - INFO - User 916663 - Shared playlist 897770
2025-04-20 21:11:41,087 - playlist_ops - INFO - User 776827 - Added song to playlist 274988 to playlist 897770
2025-04-20 21:11:41,098 - playlist_ops - INFO - User 230920 - Created new playlist 927198
2025-04-20 21:11:41,108 - playlist_ops - INFO - User 617830 - Removed song from playlist 898506 to playlist 939401
2025-04-20 21:11:41,119 - playlist_ops - INFO - User 926515 - Shared playlist 566611
2025-04-20 21:11:41,129 - playlist_ops - INFO - User 776827 - Created new playlist 654068
2025-04-20 21:11:41,140 - playlist_ops - INFO - User 926515 - Changed playlist visibility 299384
2025-04-20 21:11:41,151 - playlist_ops - INFO - User 926515 - Shared playlist 897770
2025-04-20 21:11:41,161 - playlist_ops - INFO - User 617830 - Created new playlist 653518
2025-04-20 21:11:41,172 - playlist_ops - INFO - User 926515 - Added song to playlist 591696 to playlist 825607
2025-04-20 21:11:41,182 - playlist_ops - INFO - User 926515 - Created new playlist 897770
2025-04-20 21:11:41,193 - playlist_ops - INFO - User 776827 - Removed song from playlist 804620 to playlist 939401
2025-04-20 21:11:41,203 - playlist_ops - INFO - User 282008 - Deleted playlist 754476
2025-04-20 21:11:41,214 - playlist_ops - INFO - User 729068 - Deleted playlist 183810
2025-04-20 21:11:41,225 - playlist_ops - INFO - User 729068 - Added song to playlist 443034 to playlist 939401
2025-04-20 21:11:41,235 - playlist_ops - INFO - User 282008 - Removed song from playlist 591696 to playlist 351500
2025-04-20 21:11:41,246 - playlist_ops - INFO - User 877012 - Removed song from playlist 274988 to playlist 724951
2025-04-20 21:11:41,256 - playlist_ops - INFO - User 675825 - Removed song from playlist 289760 to playlist 653518
2025-04-20 21:11:41,267 - playlist_ops - INFO - User 776827 - Changed playlist visibility 754476
2025-04-20 21:11:41,278 - playlist_ops - INFO - User 729068 - Renamed playlist 927198
2025-04-20 21:11:41,288 - playlist_ops - INFO - User 776827 - Shared playlist 653518
2025-04-20 21:11:41,299 - playlist_ops - INFO - User 926515 - Added song to playlist 274988 to playlist 754476
2025-04-20 21:11:41,309 - playlist_ops - INFO - User 675825 - Removed song from playlist 289760 to playlist 754476
2025-04-20 21:11:41,320 - playlist_ops - INFO - User 675825 - Removed song from playlist 977548 to playlist 299384
2025-04-20 21:11:41,331 - playlist_ops - INFO - User 926515 - Shared playlist 653518
2025-04-20 21:11:41,341 - playlist_ops - INFO - User 877012 - Added song to playlist 376591 to playlist 183810
2025-04-20 21:11:41,352 - playlist_ops - INFO - User 675825 - Shared playlist 653518
2025-04-20 21:11:41,363 - playlist_ops - INFO - User 877012 - Renamed playlist 808327
2025-04-20 21:11:41,373 - playlist_ops - INFO - User 282008 - Shared playlist 566611
2025-04-20 21:11:41,384 - playlist_ops - INFO - User 729068 - Changed playlist visibility 825607
2025-04-20 21:11:41,394 - playlist_ops - INFO - User 926515 - Added song to playlist 591696 to playlist 825607
2025-04-20 21:11:41,404 - playlist_ops - INFO - User 916663 - Changed playlist visibility 939401
2025-04-20 21:11:41,415 - playlist_ops - INFO - User 675825 - Removed song from playlist 942359 to playlist 825607
2025-04-20 21:11:41,425 - playlist_ops - INFO - User 245763 - Renamed playlist 927198
2025-04-20 21:11:41,436 - playlist_ops - INFO - User 926515 - Removed song from playlist 591696 to playlist 351500
2025-04-20 21:11:41,446 - playlist_ops - INFO - User 776827 - Created new playlist 724951
2025-04-20 21:11:41,457 - playlist_ops - INFO - User 675825 - Removed song from playlist 443034 to playlist 927198
2025-04-20 21:11:41,468 - playlist_ops - INFO - User 776827 - Removed song from playlist 977548 to playlist 754476
2025-04-20 21:11:41,478 - playlist_ops - INFO - User 776827 - Created new playlist 927198
2025-04-20 21:11:41,489 - playlist_ops - INFO - User 282008 - Removed song from playlist 615627 to playlist 825607
2025-04-20 21:11:41,499 - playlist_ops - INFO - User 675825 - Created new playlist 299384
2025-04-20 21:11:41,510 - playlist_ops - INFO - User 230920 - Deleted playlist 724951
2025-04-20 21:11:41,520 - playlist_ops - INFO - User 675825 - Shared playlist 653518
2025-04-20 21:11:41,531 - playlist_ops - INFO - User 916663 - Removed song from playlist 443034 to playlist 566611
2025-04-20 21:11:41,542 - playlist_ops - INFO - User 926515 - Created new playlist 808327
2025-04-20 21:11:41,552 - playlist_ops - INFO - User 926515 - Added song to playlist 289760 to playlist 653518
2025-04-20 21:11:41,562 - playlist_ops - INFO - User 916663 - Renamed playlist 897770
2025-04-20 21:11:41,573 - playlist_ops - INFO - User 776827 - Changed playlist visibility 724951
2025-04-20 21:11:41,583 - playlist_ops - INFO - User 729068 - Created new playlist 927198
2025-04-20 21:11:41,594 - playlist_ops - INFO - User 926515 - Shared playlist 817028
2025-04-20 21:11:41,604 - playlist_ops - INFO - User 675825 - Changed playlist visibility 724951
2025-04-20 21:11:41,615 - playlist_ops - INFO - User 926515 - Created new playlist 183810
2025-04-20 21:11:41,625 - playlist_ops - INFO - User 916663 - Removed song from playlist 275707 to playlist 782696
2025-04-20 21:11:41,636 - playlist_ops - INFO - User 729068 - Renamed playlist 566611
2025-04-20 21:11:41,646 - playlist_ops - INFO - User 877012 - Removed song from playlist 443034 to playlist 299384
2025-04-20 21:11:41,657 - playlist_ops - INFO - User 617830 - Deleted playlist 653518
2025-04-20 21:11:41,668 - playlist_ops - INFO - User 245763 - Changed playlist visibility 808327
2025-04-20 21:11:41,678 - playlist_ops - INFO - User 776827 - Created new playlist 927198
2025-04-20 21:11:41,689 - playlist_ops - INFO - User 877012 - Renamed playlist 782696
2025-04-20 21:11:41,700 - playlist_ops - INFO - User 675825 - Removed song from playlist 443034 to playlist 825607
2025-04-20 21:11:41,710 - playlist_ops - INFO - User 675825 - Removed song from playlist 582756 to playlist 351500
2025-04-20 21:11:41,721 - playlist_ops - INFO - User 729068 - Changed playlist visibility 654068
2025-04-20 21:11:41,732 - playlist_ops - INFO - User 776827 - Deleted playlist 566611
2025-04-20 21:11:41,742 - playlist_ops - INFO - User 230920 - Added song to playlist 180374 to playlist 782696
2025-04-20 21:11:41,753 - playlist_ops - INFO - User 245763 - Created new playlist 754476
2025-04-20 21:11:41,763 - playlist_ops - INFO - User 877012 - Created new playlist 897770
2025-04-20 21:11:41,774 - playlist_ops - INFO - User 916663 - Renamed playlist 566611
2025-04-20 21:11:41,785 - playlist_ops - INFO - User 230920 - Deleted playlist 566611
2025-04-20 21:11:41,795 - playlist_ops - INFO - User 282008 - Changed playlist visibility 299384
2025-04-20 21:11:41,805 - playlist_ops - INFO - User 926515 - Renamed playlist 808327
2025-04-20 21:11:41,816 - playlist_ops - INFO - User 729068 - Removed song from playlist 376591 to playlist 825607
2025-04-20 21:11:41,827 - playlist_ops - INFO - User 776827 - Removed song from playlist 103930 to playlist 724951
2025-04-20 21:11:41,837 - playlist_ops - INFO - User 245763 - Changed playlist visibility 566611
2025-04-20 21:11:41,848 - playlist_ops - INFO - User 230920 - Deleted playlist 782696
2025-04-20 21:11:41,858 - playlist_ops - INFO - User 877012 - Renamed playlist 653518
2025-04-20 21:11:41,869 - playlist_ops - INFO - User 729068 - Shared playlist 351500
2025-04-20 21:11:41,880 - playlist_ops - INFO - User 877012 - Changed playlist visibility 782696
2025-04-20 21:11:41,890 - playlist_ops - INFO - User 282008 - Changed playlist visibility 724951
2025-04-20 21:11:41,901 - playlist_ops - INFO - User 729068 - Changed playlist visibility 939401
2025-04-20 21:11:41,911 - playlist_ops - INFO - User 617830 - Removed song from playlist 289760 to playlist 653518
2025-04-20 21:11:41,922 - playlist_ops - INFO - User 877012 - Added song to playlist 274988 to playlist 927198
2025-04-20 21:11:41,932 - playlist_ops - INFO - User 729068 - Shared playlist 754476
2025-04-20 21:11:41,943 - playlist_ops - INFO - User 916663 - Changed playlist visibility 897770
